0 info it worked if it ends with ok
1 verbose cli [ '/Users/daniel/.nvm/versions/node/v6.6.0/bin/node',
1 verbose cli   '/Users/daniel/.nvm/versions/node/v6.6.0/bin/npm',
1 verbose cli   'config',
1 verbose cli   'get',
1 verbose cli   'prefix' ]
2 info using npm@3.10.3
3 info using node@v6.6.0
4 verbose stack Error: Cannot find module 'bl'
4 verbose stack     at Function.Module._resolveFilename (module.js:455:15)
4 verbose stack     at Function.Module._load (module.js:403:25)
4 verbose stack     at Module.require (module.js:483:17)
4 verbose stack     at require (internal/module.js:20:19)
4 verbose stack     at Object.<anonymous> (/Users/daniel/.nvm/versions/node/v6.6.0/lib/node_modules/npm/node_modules/request/request.js:9:10)
4 verbose stack     at Module._compile (module.js:556:32)
4 verbose stack     at Object.Module._extensions..js (module.js:565:10)
4 verbose stack     at Module.load (module.js:473:32)
4 verbose stack     at tryModuleLoad (module.js:432:12)
4 verbose stack     at Function.Module._load (module.js:424:3)
5 verbose cwd /Users/daniel/github-project-story-points
6 error Darwin 16.6.0
7 error argv "/Users/daniel/.nvm/versions/node/v6.6.0/bin/node" "/Users/daniel/.nvm/versions/node/v6.6.0/bin/npm" "config" "get" "prefix"
8 error node v6.6.0
9 error npm  v3.10.3
10 error code MODULE_NOT_FOUND
11 error Cannot find module 'bl'
12 error If you need help, you may report this error at:
12 error     <https://github.com/npm/npm/issues>
13 verbose exit [ 1, true ]
